-------------------------------------------------------------------------------
NGINX Ingress controller
  Release:    0.9.0
  Build:      git-6816630
  Repository: https://github.com/kubernetes/ingress-nginx
-------------------------------------------------------------------------------

I1002 20:06:22.383652       6 main.go:227] Creating API client for https://10.0.0.1:443
I1002 20:06:22.424993       6 main.go:239] Running in Kubernetes Cluster version v1.20 (v1.20.9) - git (clean) commit 8dc42052754bfacb111a0426830122dd9cc9cfa0 - platform linux/amd64
I1002 20:06:22.430493       6 main.go:83] validated ingress/default-backend-svc as the default backend
I1002 20:06:22.727116       6 stat_collector.go:77] starting new nginx stats collector for Ingress controller running in namespace  (class nginx)
I1002 20:06:22.727140       6 stat_collector.go:78] collector extracting information from port 18080
I1002 20:06:22.736796       6 nginx.go:250] starting Ingress controller
E1002 20:06:22.743083       6 reflector.go:205] k8s.io/ingress-nginx/internal/ingress/controller/listers.go:48: Failed to list *v1.Secret: secrets is forbidden: User "system:serviceaccount:ingress:nginx" cannot list resource "secrets" in API group "" at the cluster scope
E1002 20:06:22.743135       6 reflector.go:205] k8s.io/ingress-nginx/internal/ingress/controller/listers.go:46: Failed to list *v1.Endpoints: endpoints is forbidden: User "system:serviceaccount:ingress:nginx" cannot list resource "endpoints" in API group "" at the cluster scope
E1002 20:06:22.743197       6 reflector.go:205] k8s.io/ingress-nginx/internal/ingress/controller/listers.go:45: Failed to list *v1beta1.Ingress: ingresses.extensions is forbidden: User "system:serviceaccount:ingress:nginx" cannot list resource "ingresses" in API group "extensions" at the cluster scope
E1002 20:06:22.746992       6 reflector.go:205] k8s.io/ingress-nginx/internal/ingress/controller/listers.go:49: Failed to list *v1.ConfigMap: configmaps is forbidden: User "system:serviceaccount:ingress:nginx" cannot list resource "configmaps" in API group "" at the cluster scope
E1002 20:06:22.747038       6 reflector.go:205] k8s.io/ingress-nginx/internal/ingress/controller/listers.go:47: Failed to list *v1.Service: services is forbidden: User "system:serviceaccount:ingress:nginx" cannot list resource "services" in API group "" at the cluster scope
E1002 20:06:23.749714       6 reflector.go:205] k8s.io/ingress-nginx/internal/ingress/controller/listers.go:48: Failed to list *v1.Secret: secrets is forbidden: User "system:serviceaccount:ingress:nginx" cannot list resource "secrets" in API group "" at the cluster scope
E1002 20:06:23.749714       6 reflector.go:205] k8s.io/ingress-nginx/internal/ingress/controller/listers.go:45: Failed to list *v1beta1.Ingress: ingresses.extensions is forbidden: User "system:serviceaccount:ingress:nginx" cannot list resource "ingresses" in API group "extensions" at the cluster scope
E1002 20:06:23.749887       6 reflector.go:205] k8s.io/ingress-nginx/internal/ingress/controller/listers.go:46: Failed to list *v1.Endpoints: endpoints is forbidden: User "system:serviceaccount:ingress:nginx" cannot list resource "endpoints" in API group "" at the cluster scope
E1002 20:06:23.750132       6 reflector.go:205] k8s.io/ingress-nginx/internal/ingress/controller/listers.go:49: Failed to list *v1.ConfigMap: configmaps is forbidden: User "system:serviceaccount:ingress:nginx" cannot list resource "configmaps" in API group "" at the cluster scope
E1002 20:06:23.750418       6 reflector.go:205] k8s.io/ingress-nginx/internal/ingress/controller/listers.go:47: Failed to list *v1.Service: services is forbidden: User "system:serviceaccount:ingress:nginx" cannot list resource "services" in API group "" at the cluster scope
E1002 20:06:24.756427       6 reflector.go:205] k8s.io/ingress-nginx/internal/ingress/controller/listers.go:45: Failed to list *v1beta1.Ingress: ingresses.extensions is forbidden: User "system:serviceaccount:ingress:nginx" cannot list resource "ingresses" in API group "extensions" at the cluster scope
E1002 20:06:24.756490       6 reflector.go:205] k8s.io/ingress-nginx/internal/ingress/controller/listers.go:46: Failed to list *v1.Endpoints: endpoints is forbidden: User "system:serviceaccount:ingress:nginx" cannot list resource "endpoints" in API group "" at the cluster scope
E1002 20:06:24.756518       6 reflector.go:205] k8s.io/ingress-nginx/internal/ingress/controller/listers.go:49: Failed to list *v1.ConfigMap: configmaps is forbidden: User "system:serviceaccount:ingress:nginx" cannot list resource "configmaps" in API group "" at the cluster scope
E1002 20:06:24.756546       6 reflector.go:205] k8s.io/ingress-nginx/internal/ingress/controller/listers.go:48: Failed to list *v1.Secret: secrets is forbidden: User "system:serviceaccount:ingress:nginx" cannot list resource "secrets" in API group "" at the cluster scope
E1002 20:06:24.756786       6 reflector.go:205] k8s.io/ingress-nginx/internal/ingress/controller/listers.go:47: Failed to list *v1.Service: services is forbidden: User "system:serviceaccount:ingress:nginx" cannot list resource "services" in API group "" at the cluster scope
E1002 20:06:25.761874       6 reflector.go:205] k8s.io/ingress-nginx/internal/ingress/controller/listers.go:49: Failed to list *v1.ConfigMap: configmaps is forbidden: User "system:serviceaccount:ingress:nginx" cannot list resource "configmaps" in API group "" at the cluster scope
E1002 20:06:25.761960       6 reflector.go:205] k8s.io/ingress-nginx/internal/ingress/controller/listers.go:45: Failed to list *v1beta1.Ingress: ingresses.extensions is forbidden: User "system:serviceaccount:ingress:nginx" cannot list resource "ingresses" in API group "extensions" at the cluster scope
E1002 20:06:25.761995       6 reflector.go:205] k8s.io/ingress-nginx/internal/ingress/controller/listers.go:46: Failed to list *v1.Endpoints: endpoints is forbidden: User "system:serviceaccount:ingress:nginx" cannot list resource "endpoints" in API group "" at the cluster scope
E1002 20:06:25.762382       6 reflector.go:205] k8s.io/ingress-nginx/internal/ingress/controller/listers.go:48: Failed to list *v1.Secret: secrets is forbidden: User "system:serviceaccount:ingress:nginx" cannot list resource "secrets" in API group "" at the cluster scope
E1002 20:06:25.763640       6 reflector.go:205] k8s.io/ingress-nginx/internal/ingress/controller/listers.go:47: Failed to list *v1.Service: services is forbidden: User "system:serviceaccount:ingress:nginx" cannot list resource "services" in API group "" at the cluster scope
E1002 20:06:26.768178       6 reflector.go:205] k8s.io/ingress-nginx/internal/ingress/controller/listers.go:46: Failed to list *v1.Endpoints: endpoints is forbidden: User "system:serviceaccount:ingress:nginx" cannot list resource "endpoints" in API group "" at the cluster scope
E1002 20:06:26.768178       6 reflector.go:205] k8s.io/ingress-nginx/internal/ingress/controller/listers.go:45: Failed to list *v1beta1.Ingress: ingresses.extensions is forbidden: User "system:serviceaccount:ingress:nginx" cannot list resource "ingresses" in API group "extensions" at the cluster scope
E1002 20:06:26.768209       6 reflector.go:205] k8s.io/ingress-nginx/internal/ingress/controller/listers.go:49: Failed to list *v1.ConfigMap: configmaps is forbidden: User "system:serviceaccount:ingress:nginx" cannot list resource "configmaps" in API group "" at the cluster scope
E1002 20:06:26.768267       6 reflector.go:205] k8s.io/ingress-nginx/internal/ingress/controller/listers.go:48: Failed to list *v1.Secret: secrets is forbidden: User "system:serviceaccount:ingress:nginx" cannot list resource "secrets" in API group "" at the cluster scope
E1002 20:06:26.769446       6 reflector.go:205] k8s.io/ingress-nginx/internal/ingress/controller/listers.go:47: Failed to list *v1.Service: services is forbidden: User "system:serviceaccount:ingress:nginx" cannot list resource "services" in API group "" at the cluster scope
E1002 20:06:27.775133       6 reflector.go:205] k8s.io/ingress-nginx/internal/ingress/controller/listers.go:46: Failed to list *v1.Endpoints: endpoints is forbidden: User "system:serviceaccount:ingress:nginx" cannot list resource "endpoints" in API group "" at the cluster scope
E1002 20:06:27.776933       6 reflector.go:205] k8s.io/ingress-nginx/internal/ingress/controller/listers.go:49: Failed to list *v1.ConfigMap: configmaps is forbidden: User "system:serviceaccount:ingress:nginx" cannot list resource "configmaps" in API group "" at the cluster scope
E1002 20:06:27.777118       6 reflector.go:205] k8s.io/ingress-nginx/internal/ingress/controller/listers.go:45: Failed to list *v1beta1.Ingress: ingresses.extensions is forbidden: User "system:serviceaccount:ingress:nginx" cannot list resource "ingresses" in API group "extensions" at the cluster scope
E1002 20:06:27.777458       6 reflector.go:205] k8s.io/ingress-nginx/internal/ingress/controller/listers.go:47: Failed to list *v1.Service: services is forbidden: User "system:serviceaccount:ingress:nginx" cannot list resource "services" in API group "" at the cluster scope
E1002 20:06:27.777633       6 reflector.go:205] k8s.io/ingress-nginx/internal/ingress/controller/listers.go:48: Failed to list *v1.Secret: secrets is forbidden: User "system:serviceaccount:ingress:nginx" cannot list resource "secrets" in API group "" at the cluster scope
E1002 20:06:28.783133       6 reflector.go:205] k8s.io/ingress-nginx/internal/ingress/controller/listers.go:45: Failed to list *v1beta1.Ingress: ingresses.extensions is forbidden: User "system:serviceaccount:ingress:nginx" cannot list resource "ingresses" in API group "extensions" at the cluster scope
E1002 20:06:28.783140       6 reflector.go:205] k8s.io/ingress-nginx/internal/ingress/controller/listers.go:47: Failed to list *v1.Service: services is forbidden: User "system:serviceaccount:ingress:nginx" cannot list resource "services" in API group "" at the cluster scope
E1002 20:06:28.783185       6 reflector.go:205] k8s.io/ingress-nginx/internal/ingress/controller/listers.go:46: Failed to list *v1.Endpoints: endpoints is forbidden: User "system:serviceaccount:ingress:nginx" cannot list resource "endpoints" in API group "" at the cluster scope
E1002 20:06:28.783209       6 reflector.go:205] k8s.io/ingress-nginx/internal/ingress/controller/listers.go:49: Failed to list *v1.ConfigMap: configmaps is forbidden: User "system:serviceaccount:ingress:nginx" cannot list resource "configmaps" in API group "" at the cluster scope
E1002 20:06:28.783485       6 reflector.go:205] k8s.io/ingress-nginx/internal/ingress/controller/listers.go:48: Failed to list *v1.Secret: secrets is forbidden: User "system:serviceaccount:ingress:nginx" cannot list resource "secrets" in API group "" at the cluster scope
E1002 20:06:29.789830       6 reflector.go:205] k8s.io/ingress-nginx/internal/ingress/controller/listers.go:46: Failed to list *v1.Endpoints: endpoints is forbidden: User "system:serviceaccount:ingress:nginx" cannot list resource "endpoints" in API group "" at the cluster scope
E1002 20:06:29.789881       6 reflector.go:205] k8s.io/ingress-nginx/internal/ingress/controller/listers.go:49: Failed to list *v1.ConfigMap: configmaps is forbidden: User "system:serviceaccount:ingress:nginx" cannot list resource "configmaps" in API group "" at the cluster scope
E1002 20:06:29.789898       6 reflector.go:205] k8s.io/ingress-nginx/internal/ingress/controller/listers.go:47: Failed to list *v1.Service: services is forbidden: User "system:serviceaccount:ingress:nginx" cannot list resource "services" in API group "" at the cluster scope
E1002 20:06:29.790302       6 reflector.go:205] k8s.io/ingress-nginx/internal/ingress/controller/listers.go:45: Failed to list *v1beta1.Ingress: ingresses.extensions is forbidden: User "system:serviceaccount:ingress:nginx" cannot list resource "ingresses" in API group "extensions" at the cluster scope
E1002 20:06:29.790451       6 reflector.go:205] k8s.io/ingress-nginx/internal/ingress/controller/listers.go:48: Failed to list *v1.Secret: secrets is forbidden: User "system:serviceaccount:ingress:nginx" cannot list resource "secrets" in API group "" at the cluster scope
E1002 20:06:30.794043       6 reflector.go:205] k8s.io/ingress-nginx/internal/ingress/controller/listers.go:46: Failed to list *v1.Endpoints: endpoints is forbidden: User "system:serviceaccount:ingress:nginx" cannot list resource "endpoints" in API group "" at the cluster scope
E1002 20:06:30.794047       6 reflector.go:205] k8s.io/ingress-nginx/internal/ingress/controller/listers.go:49: Failed to list *v1.ConfigMap: configmaps is forbidden: User "system:serviceaccount:ingress:nginx" cannot list resource "configmaps" in API group "" at the cluster scope
E1002 20:06:30.794434       6 reflector.go:205] k8s.io/ingress-nginx/internal/ingress/controller/listers.go:47: Failed to list *v1.Service: services is forbidden: User "system:serviceaccount:ingress:nginx" cannot list resource "services" in API group "" at the cluster scope
E1002 20:06:30.796257       6 reflector.go:205] k8s.io/ingress-nginx/internal/ingress/controller/listers.go:45: Failed to list *v1beta1.Ingress: ingresses.extensions is forbidden: User "system:serviceaccount:ingress:nginx" cannot list resource "ingresses" in API group "extensions" at the cluster scope
E1002 20:06:30.796643       6 reflector.go:205] k8s.io/ingress-nginx/internal/ingress/controller/listers.go:48: Failed to list *v1.Secret: secrets is forbidden: User "system:serviceaccount:ingress:nginx" cannot list resource "secrets" in API group "" at the cluster scope
E1002 20:06:31.800328       6 reflector.go:205] k8s.io/ingress-nginx/internal/ingress/controller/listers.go:49: Failed to list *v1.ConfigMap: configmaps is forbidden: User "system:serviceaccount:ingress:nginx" cannot list resource "configmaps" in API group "" at the cluster scope
E1002 20:06:31.800938       6 reflector.go:205] k8s.io/ingress-nginx/internal/ingress/controller/listers.go:46: Failed to list *v1.Endpoints: endpoints is forbidden: User "system:serviceaccount:ingress:nginx" cannot list resource "endpoints" in API group "" at the cluster scope
E1002 20:06:31.800988       6 reflector.go:205] k8s.io/ingress-nginx/internal/ingress/controller/listers.go:47: Failed to list *v1.Service: services is forbidden: User "system:serviceaccount:ingress:nginx" cannot list resource "services" in API group "" at the cluster scope
E1002 20:06:31.801775       6 reflector.go:205] k8s.io/ingress-nginx/internal/ingress/controller/listers.go:45: Failed to list *v1beta1.Ingress: ingresses.extensions is forbidden: User "system:serviceaccount:ingress:nginx" cannot list resource "ingresses" in API group "extensions" at the cluster scope
E1002 20:06:31.803344       6 reflector.go:205] k8s.io/ingress-nginx/internal/ingress/controller/listers.go:48: Failed to list *v1.Secret: secrets is forbidden: User "system:serviceaccount:ingress:nginx" cannot list resource "secrets" in API group "" at the cluster scope
E1002 20:06:32.807184       6 reflector.go:205] k8s.io/ingress-nginx/internal/ingress/controller/listers.go:46: Failed to list *v1.Endpoints: endpoints is forbidden: User "system:serviceaccount:ingress:nginx" cannot list resource "endpoints" in API group "" at the cluster scope
E1002 20:06:32.807452       6 reflector.go:205] k8s.io/ingress-nginx/internal/ingress/controller/listers.go:49: Failed to list *v1.ConfigMap: configmaps is forbidden: User "system:serviceaccount:ingress:nginx" cannot list resource "configmaps" in API group "" at the cluster scope
E1002 20:06:32.807676       6 reflector.go:205] k8s.io/ingress-nginx/internal/ingress/controller/listers.go:45: Failed to list *v1beta1.Ingress: ingresses.extensions is forbidden: User "system:serviceaccount:ingress:nginx" cannot list resource "ingresses" in API group "extensions" at the cluster scope
E1002 20:06:32.807714       6 reflector.go:205] k8s.io/ingress-nginx/internal/ingress/controller/listers.go:48: Failed to list *v1.Secret: secrets is forbidden: User "system:serviceaccount:ingress:nginx" cannot list resource "secrets" in API group "" at the cluster scope
E1002 20:06:32.807785       6 reflector.go:205] k8s.io/ingress-nginx/internal/ingress/controller/listers.go:47: Failed to list *v1.Service: services is forbidden: User "system:serviceaccount:ingress:nginx" cannot list resource "services" in API group "" at the cluster scope
E1002 20:06:33.813465       6 reflector.go:205] k8s.io/ingress-nginx/internal/ingress/controller/listers.go:45: Failed to list *v1beta1.Ingress: ingresses.extensions is forbidden: User "system:serviceaccount:ingress:nginx" cannot list resource "ingresses" in API group "extensions" at the cluster scope
E1002 20:06:33.813525       6 reflector.go:205] k8s.io/ingress-nginx/internal/ingress/controller/listers.go:49: Failed to list *v1.ConfigMap: configmaps is forbidden: User "system:serviceaccount:ingress:nginx" cannot list resource "configmaps" in API group "" at the cluster scope
E1002 20:06:33.813482       6 reflector.go:205] k8s.io/ingress-nginx/internal/ingress/controller/listers.go:48: Failed to list *v1.Secret: secrets is forbidden: User "system:serviceaccount:ingress:nginx" cannot list resource "secrets" in API group "" at the cluster scope
E1002 20:06:33.813803       6 reflector.go:205] k8s.io/ingress-nginx/internal/ingress/controller/listers.go:46: Failed to list *v1.Endpoints: endpoints is forbidden: User "system:serviceaccount:ingress:nginx" cannot list resource "endpoints" in API group "" at the cluster scope
E1002 20:06:33.817067       6 reflector.go:205] k8s.io/ingress-nginx/internal/ingress/controller/listers.go:47: Failed to list *v1.Service: services is forbidden: User "system:serviceaccount:ingress:nginx" cannot list resource "services" in API group "" at the cluster scope
E1002 20:06:34.820365       6 reflector.go:205] k8s.io/ingress-nginx/internal/ingress/controller/listers.go:45: Failed to list *v1beta1.Ingress: ingresses.extensions is forbidden: User "system:serviceaccount:ingress:nginx" cannot list resource "ingresses" in API group "extensions" at the cluster scope
E1002 20:06:34.820373       6 reflector.go:205] k8s.io/ingress-nginx/internal/ingress/controller/listers.go:48: Failed to list *v1.Secret: secrets is forbidden: User "system:serviceaccount:ingress:nginx" cannot list resource "secrets" in API group "" at the cluster scope
E1002 20:06:34.820428       6 reflector.go:205] k8s.io/ingress-nginx/internal/ingress/controller/listers.go:49: Failed to list *v1.ConfigMap: configmaps is forbidden: User "system:serviceaccount:ingress:nginx" cannot list resource "configmaps" in API group "" at the cluster scope
E1002 20:06:34.821544       6 reflector.go:205] k8s.io/ingress-nginx/internal/ingress/controller/listers.go:46: Failed to list *v1.Endpoints: endpoints is forbidden: User "system:serviceaccount:ingress:nginx" cannot list resource "endpoints" in API group "" at the cluster scope
E1002 20:06:34.822828       6 reflector.go:205] k8s.io/ingress-nginx/internal/ingress/controller/listers.go:47: Failed to list *v1.Service: services is forbidden: User "system:serviceaccount:ingress:nginx" cannot list resource "services" in API group "" at the cluster scope
E1002 20:06:35.826684       6 reflector.go:205] k8s.io/ingress-nginx/internal/ingress/controller/listers.go:49: Failed to list *v1.ConfigMap: configmaps is forbidden: User "system:serviceaccount:ingress:nginx" cannot list resource "configmaps" in API group "" at the cluster scope
E1002 20:06:35.826686       6 reflector.go:205] k8s.io/ingress-nginx/internal/ingress/controller/listers.go:45: Failed to list *v1beta1.Ingress: ingresses.extensions is forbidden: User "system:serviceaccount:ingress:nginx" cannot list resource "ingresses" in API group "extensions" at the cluster scope
E1002 20:06:35.826734       6 reflector.go:205] k8s.io/ingress-nginx/internal/ingress/controller/listers.go:48: Failed to list *v1.Secret: secrets is forbidden: User "system:serviceaccount:ingress:nginx" cannot list resource "secrets" in API group "" at the cluster scope
E1002 20:06:35.827055       6 reflector.go:205] k8s.io/ingress-nginx/internal/ingress/controller/listers.go:46: Failed to list *v1.Endpoints: endpoints is forbidden: User "system:serviceaccount:ingress:nginx" cannot list resource "endpoints" in API group "" at the cluster scope
E1002 20:06:35.828414       6 reflector.go:205] k8s.io/ingress-nginx/internal/ingress/controller/listers.go:47: Failed to list *v1.Service: services is forbidden: User "system:serviceaccount:ingress:nginx" cannot list resource "services" in API group "" at the cluster scope
E1002 20:06:36.832572       6 reflector.go:205] k8s.io/ingress-nginx/internal/ingress/controller/listers.go:45: Failed to list *v1beta1.Ingress: ingresses.extensions is forbidden: User "system:serviceaccount:ingress:nginx" cannot list resource "ingresses" in API group "extensions" at the cluster scope
E1002 20:06:36.832860       6 reflector.go:205] k8s.io/ingress-nginx/internal/ingress/controller/listers.go:49: Failed to list *v1.ConfigMap: configmaps is forbidden: User "system:serviceaccount:ingress:nginx" cannot list resource "configmaps" in API group "" at the cluster scope
E1002 20:06:36.832916       6 reflector.go:205] k8s.io/ingress-nginx/internal/ingress/controller/listers.go:48: Failed to list *v1.Secret: secrets is forbidden: User "system:serviceaccount:ingress:nginx" cannot list resource "secrets" in API group "" at the cluster scope
E1002 20:06:36.833053       6 reflector.go:205] k8s.io/ingress-nginx/internal/ingress/controller/listers.go:46: Failed to list *v1.Endpoints: endpoints is forbidden: User "system:serviceaccount:ingress:nginx" cannot list resource "endpoints" in API group "" at the cluster scope
E1002 20:06:36.834120       6 reflector.go:205] k8s.io/ingress-nginx/internal/ingress/controller/listers.go:47: Failed to list *v1.Service: services is forbidden: User "system:serviceaccount:ingress:nginx" cannot list resource "services" in API group "" at the cluster scope
E1002 20:06:37.838375       6 reflector.go:205] k8s.io/ingress-nginx/internal/ingress/controller/listers.go:49: Failed to list *v1.ConfigMap: configmaps is forbidden: User "system:serviceaccount:ingress:nginx" cannot list resource "configmaps" in API group "" at the cluster scope
E1002 20:06:37.838405       6 reflector.go:205] k8s.io/ingress-nginx/internal/ingress/controller/listers.go:46: Failed to list *v1.Endpoints: endpoints is forbidden: User "system:serviceaccount:ingress:nginx" cannot list resource "endpoints" in API group "" at the cluster scope
E1002 20:06:37.838578       6 reflector.go:205] k8s.io/ingress-nginx/internal/ingress/controller/listers.go:45: Failed to list *v1beta1.Ingress: ingresses.extensions is forbidden: User "system:serviceaccount:ingress:nginx" cannot list resource "ingresses" in API group "extensions" at the cluster scope
E1002 20:06:37.838858       6 reflector.go:205] k8s.io/ingress-nginx/internal/ingress/controller/listers.go:48: Failed to list *v1.Secret: secrets is forbidden: User "system:serviceaccount:ingress:nginx" cannot list resource "secrets" in API group "" at the cluster scope
E1002 20:06:37.839797       6 reflector.go:205] k8s.io/ingress-nginx/internal/ingress/controller/listers.go:47: Failed to list *v1.Service: services is forbidden: User "system:serviceaccount:ingress:nginx" cannot list resource "services" in API group "" at the cluster scope
E1002 20:06:38.844832       6 reflector.go:205] k8s.io/ingress-nginx/internal/ingress/controller/listers.go:49: Failed to list *v1.ConfigMap: configmaps is forbidden: User "system:serviceaccount:ingress:nginx" cannot list resource "configmaps" in API group "" at the cluster scope
E1002 20:06:38.847733       6 reflector.go:205] k8s.io/ingress-nginx/internal/ingress/controller/listers.go:46: Failed to list *v1.Endpoints: endpoints is forbidden: User "system:serviceaccount:ingress:nginx" cannot list resource "endpoints" in API group "" at the cluster scope
E1002 20:06:38.848159       6 reflector.go:205] k8s.io/ingress-nginx/internal/ingress/controller/listers.go:47: Failed to list *v1.Service: services is forbidden: User "system:serviceaccount:ingress:nginx" cannot list resource "services" in API group "" at the cluster scope
E1002 20:06:38.848427       6 reflector.go:205] k8s.io/ingress-nginx/internal/ingress/controller/listers.go:48: Failed to list *v1.Secret: secrets is forbidden: User "system:serviceaccount:ingress:nginx" cannot list resource "secrets" in API group "" at the cluster scope
E1002 20:06:38.848645       6 reflector.go:205] k8s.io/ingress-nginx/internal/ingress/controller/listers.go:45: Failed to list *v1beta1.Ingress: ingresses.extensions is forbidden: User "system:serviceaccount:ingress:nginx" cannot list resource "ingresses" in API group "extensions" at the cluster scope
E1002 20:06:39.851532       6 reflector.go:205] k8s.io/ingress-nginx/internal/ingress/controller/listers.go:47: Failed to list *v1.Service: services is forbidden: User "system:serviceaccount:ingress:nginx" cannot list resource "services" in API group "" at the cluster scope
E1002 20:06:39.851532       6 reflector.go:205] k8s.io/ingress-nginx/internal/ingress/controller/listers.go:49: Failed to list *v1.ConfigMap: configmaps is forbidden: User "system:serviceaccount:ingress:nginx" cannot list resource "configmaps" in API group "" at the cluster scope
E1002 20:06:39.851586       6 reflector.go:205] k8s.io/ingress-nginx/internal/ingress/controller/listers.go:46: Failed to list *v1.Endpoints: endpoints is forbidden: User "system:serviceaccount:ingress:nginx" cannot list resource "endpoints" in API group "" at the cluster scope
E1002 20:06:39.852445       6 reflector.go:205] k8s.io/ingress-nginx/internal/ingress/controller/listers.go:48: Failed to list *v1.Secret: secrets is forbidden: User "system:serviceaccount:ingress:nginx" cannot list resource "secrets" in API group "" at the cluster scope
E1002 20:06:39.853476       6 reflector.go:205] k8s.io/ingress-nginx/internal/ingress/controller/listers.go:45: Failed to list *v1beta1.Ingress: ingresses.extensions is forbidden: User "system:serviceaccount:ingress:nginx" cannot list resource "ingresses" in API group "extensions" at the cluster scope
E1002 20:06:40.856059       6 reflector.go:205] k8s.io/ingress-nginx/internal/ingress/controller/listers.go:47: Failed to list *v1.Service: services is forbidden: User "system:serviceaccount:ingress:nginx" cannot list resource "services" in API group "" at the cluster scope
E1002 20:06:40.856073       6 reflector.go:205] k8s.io/ingress-nginx/internal/ingress/controller/listers.go:49: Failed to list *v1.ConfigMap: configmaps is forbidden: User "system:serviceaccount:ingress:nginx" cannot list resource "configmaps" in API group "" at the cluster scope
E1002 20:06:40.856483       6 reflector.go:205] k8s.io/ingress-nginx/internal/ingress/controller/listers.go:46: Failed to list *v1.Endpoints: endpoints is forbidden: User "system:serviceaccount:ingress:nginx" cannot list resource "endpoints" in API group "" at the cluster scope
E1002 20:06:40.857422       6 reflector.go:205] k8s.io/ingress-nginx/internal/ingress/controller/listers.go:48: Failed to list *v1.Secret: secrets is forbidden: User "system:serviceaccount:ingress:nginx" cannot list resource "secrets" in API group "" at the cluster scope
E1002 20:06:40.858207       6 reflector.go:205] k8s.io/ingress-nginx/internal/ingress/controller/listers.go:45: Failed to list *v1beta1.Ingress: ingresses.extensions is forbidden: User "system:serviceaccount:ingress:nginx" cannot list resource "ingresses" in API group "extensions" at the cluster scope
E1002 20:06:41.862608       6 reflector.go:205] k8s.io/ingress-nginx/internal/ingress/controller/listers.go:46: Failed to list *v1.Endpoints: endpoints is forbidden: User "system:serviceaccount:ingress:nginx" cannot list resource "endpoints" in API group "" at the cluster scope
E1002 20:06:41.862624       6 reflector.go:205] k8s.io/ingress-nginx/internal/ingress/controller/listers.go:47: Failed to list *v1.Service: services is forbidden: User "system:serviceaccount:ingress:nginx" cannot list resource "services" in API group "" at the cluster scope
E1002 20:06:41.862750       6 reflector.go:205] k8s.io/ingress-nginx/internal/ingress/controller/listers.go:48: Failed to list *v1.Secret: secrets is forbidden: User "system:serviceaccount:ingress:nginx" cannot list resource "secrets" in API group "" at the cluster scope
E1002 20:06:41.862761       6 reflector.go:205] k8s.io/ingress-nginx/internal/ingress/controller/listers.go:49: Failed to list *v1.ConfigMap: configmaps is forbidden: User "system:serviceaccount:ingress:nginx" cannot list resource "configmaps" in API group "" at the cluster scope
E1002 20:06:41.863697       6 reflector.go:205] k8s.io/ingress-nginx/internal/ingress/controller/listers.go:45: Failed to list *v1beta1.Ingress: ingresses.extensions is forbidden: User "system:serviceaccount:ingress:nginx" cannot list resource "ingresses" in API group "extensions" at the cluster scope
E1002 20:06:42.870351       6 reflector.go:205] k8s.io/ingress-nginx/internal/ingress/controller/listers.go:48: Failed to list *v1.Secret: secrets is forbidden: User "system:serviceaccount:ingress:nginx" cannot list resource "secrets" in API group "" at the cluster scope
E1002 20:06:42.870352       6 reflector.go:205] k8s.io/ingress-nginx/internal/ingress/controller/listers.go:49: Failed to list *v1.ConfigMap: configmaps is forbidden: User "system:serviceaccount:ingress:nginx" cannot list resource "configmaps" in API group "" at the cluster scope
E1002 20:06:42.870993       6 reflector.go:205] k8s.io/ingress-nginx/internal/ingress/controller/listers.go:45: Failed to list *v1beta1.Ingress: ingresses.extensions is forbidden: User "system:serviceaccount:ingress:nginx" cannot list resource "ingresses" in API group "extensions" at the cluster scope
E1002 20:06:42.871003       6 reflector.go:205] k8s.io/ingress-nginx/internal/ingress/controller/listers.go:46: Failed to list *v1.Endpoints: endpoints is forbidden: User "system:serviceaccount:ingress:nginx" cannot list resource "endpoints" in API group "" at the cluster scope
E1002 20:06:42.871037       6 reflector.go:205] k8s.io/ingress-nginx/internal/ingress/controller/listers.go:47: Failed to list *v1.Service: services is forbidden: User "system:serviceaccount:ingress:nginx" cannot list resource "services" in API group "" at the cluster scope
E1002 20:06:43.877759       6 reflector.go:205] k8s.io/ingress-nginx/internal/ingress/controller/listers.go:46: Failed to list *v1.Endpoints: endpoints is forbidden: User "system:serviceaccount:ingress:nginx" cannot list resource "endpoints" in API group "" at the cluster scope
E1002 20:06:43.877882       6 reflector.go:205] k8s.io/ingress-nginx/internal/ingress/controller/listers.go:49: Failed to list *v1.ConfigMap: configmaps is forbidden: User "system:serviceaccount:ingress:nginx" cannot list resource "configmaps" in API group "" at the cluster scope
E1002 20:06:43.877958       6 reflector.go:205] k8s.io/ingress-nginx/internal/ingress/controller/listers.go:47: Failed to list *v1.Service: services is forbidden: User "system:serviceaccount:ingress:nginx" cannot list resource "services" in API group "" at the cluster scope
E1002 20:06:43.878146       6 reflector.go:205] k8s.io/ingress-nginx/internal/ingress/controller/listers.go:45: Failed to list *v1beta1.Ingress: ingresses.extensions is forbidden: User "system:serviceaccount:ingress:nginx" cannot list resource "ingresses" in API group "extensions" at the cluster scope
E1002 20:06:43.878323       6 reflector.go:205] k8s.io/ingress-nginx/internal/ingress/controller/listers.go:48: Failed to list *v1.Secret: secrets is forbidden: User "system:serviceaccount:ingress:nginx" cannot list resource "secrets" in API group "" at the cluster scope
E1002 20:06:44.886717       6 reflector.go:205] k8s.io/ingress-nginx/internal/ingress/controller/listers.go:46: Failed to list *v1.Endpoints: endpoints is forbidden: User "system:serviceaccount:ingress:nginx" cannot list resource "endpoints" in API group "" at the cluster scope
E1002 20:06:44.887011       6 reflector.go:205] k8s.io/ingress-nginx/internal/ingress/controller/listers.go:49: Failed to list *v1.ConfigMap: configmaps is forbidden: User "system:serviceaccount:ingress:nginx" cannot list resource "configmaps" in API group "" at the cluster scope
E1002 20:06:44.887363       6 reflector.go:205] k8s.io/ingress-nginx/internal/ingress/controller/listers.go:47: Failed to list *v1.Service: services is forbidden: User "system:serviceaccount:ingress:nginx" cannot list resource "services" in API group "" at the cluster scope
E1002 20:06:44.887803       6 reflector.go:205] k8s.io/ingress-nginx/internal/ingress/controller/listers.go:45: Failed to list *v1beta1.Ingress: ingresses.extensions is forbidden: User "system:serviceaccount:ingress:nginx" cannot list resource "ingresses" in API group "extensions" at the cluster scope
E1002 20:06:44.888352       6 reflector.go:205] k8s.io/ingress-nginx/internal/ingress/controller/listers.go:48: Failed to list *v1.Secret: secrets is forbidden: User "system:serviceaccount:ingress:nginx" cannot list resource "secrets" in API group "" at the cluster scope
E1002 20:06:45.893851       6 reflector.go:205] k8s.io/ingress-nginx/internal/ingress/controller/listers.go:48: Failed to list *v1.Secret: secrets is forbidden: User "system:serviceaccount:ingress:nginx" cannot list resource "secrets" in API group "" at the cluster scope
E1002 20:06:45.894269       6 reflector.go:205] k8s.io/ingress-nginx/internal/ingress/controller/listers.go:46: Failed to list *v1.Endpoints: endpoints is forbidden: User "system:serviceaccount:ingress:nginx" cannot list resource "endpoints" in API group "" at the cluster scope
E1002 20:06:45.894336       6 reflector.go:205] k8s.io/ingress-nginx/internal/ingress/controller/listers.go:49: Failed to list *v1.ConfigMap: configmaps is forbidden: User "system:serviceaccount:ingress:nginx" cannot list resource "configmaps" in API group "" at the cluster scope
E1002 20:06:45.894634       6 reflector.go:205] k8s.io/ingress-nginx/internal/ingress/controller/listers.go:47: Failed to list *v1.Service: services is forbidden: User "system:serviceaccount:ingress:nginx" cannot list resource "services" in API group "" at the cluster scope
E1002 20:06:45.894786       6 reflector.go:205] k8s.io/ingress-nginx/internal/ingress/controller/listers.go:45: Failed to list *v1beta1.Ingress: ingresses.extensions is forbidden: User "system:serviceaccount:ingress:nginx" cannot list resource "ingresses" in API group "extensions" at the cluster scope
E1002 20:06:46.902426       6 reflector.go:205] k8s.io/ingress-nginx/internal/ingress/controller/listers.go:46: Failed to list *v1.Endpoints: endpoints is forbidden: User "system:serviceaccount:ingress:nginx" cannot list resource "endpoints" in API group "" at the cluster scope
E1002 20:06:46.902843       6 reflector.go:205] k8s.io/ingress-nginx/internal/ingress/controller/listers.go:48: Failed to list *v1.Secret: secrets is forbidden: User "system:serviceaccount:ingress:nginx" cannot list resource "secrets" in API group "" at the cluster scope
E1002 20:06:46.902880       6 reflector.go:205] k8s.io/ingress-nginx/internal/ingress/controller/listers.go:45: Failed to list *v1beta1.Ingress: ingresses.extensions is forbidden: User "system:serviceaccount:ingress:nginx" cannot list resource "ingresses" in API group "extensions" at the cluster scope
E1002 20:06:46.902892       6 reflector.go:205] k8s.io/ingress-nginx/internal/ingress/controller/listers.go:49: Failed to list *v1.ConfigMap: configmaps is forbidden: User "system:serviceaccount:ingress:nginx" cannot list resource "configmaps" in API group "" at the cluster scope
E1002 20:06:46.902945       6 reflector.go:205] k8s.io/ingress-nginx/internal/ingress/controller/listers.go:47: Failed to list *v1.Service: services is forbidden: User "system:serviceaccount:ingress:nginx" cannot list resource "services" in API group "" at the cluster scope
E1002 20:06:47.908812       6 reflector.go:205] k8s.io/ingress-nginx/internal/ingress/controller/listers.go:46: Failed to list *v1.Endpoints: endpoints is forbidden: User "system:serviceaccount:ingress:nginx" cannot list resource "endpoints" in API group "" at the cluster scope
E1002 20:06:47.908989       6 reflector.go:205] k8s.io/ingress-nginx/internal/ingress/controller/listers.go:45: Failed to list *v1beta1.Ingress: ingresses.extensions is forbidden: User "system:serviceaccount:ingress:nginx" cannot list resource "ingresses" in API group "extensions" at the cluster scope
E1002 20:06:47.909165       6 reflector.go:205] k8s.io/ingress-nginx/internal/ingress/controller/listers.go:48: Failed to list *v1.Secret: secrets is forbidden: User "system:serviceaccount:ingress:nginx" cannot list resource "secrets" in API group "" at the cluster scope
E1002 20:06:47.909321       6 reflector.go:205] k8s.io/ingress-nginx/internal/ingress/controller/listers.go:49: Failed to list *v1.ConfigMap: configmaps is forbidden: User "system:serviceaccount:ingress:nginx" cannot list resource "configmaps" in API group "" at the cluster scope
E1002 20:06:47.911602       6 reflector.go:205] k8s.io/ingress-nginx/internal/ingress/controller/listers.go:47: Failed to list *v1.Service: services is forbidden: User "system:serviceaccount:ingress:nginx" cannot list resource "services" in API group "" at the cluster scope
E1002 20:06:48.916134       6 reflector.go:205] k8s.io/ingress-nginx/internal/ingress/controller/listers.go:48: Failed to list *v1.Secret: secrets is forbidden: User "system:serviceaccount:ingress:nginx" cannot list resource "secrets" in API group "" at the cluster scope
E1002 20:06:48.916203       6 reflector.go:205] k8s.io/ingress-nginx/internal/ingress/controller/listers.go:45: Failed to list *v1beta1.Ingress: ingresses.extensions is forbidden: User "system:serviceaccount:ingress:nginx" cannot list resource "ingresses" in API group "extensions" at the cluster scope
E1002 20:06:48.916255       6 reflector.go:205] k8s.io/ingress-nginx/internal/ingress/controller/listers.go:46: Failed to list *v1.Endpoints: endpoints is forbidden: User "system:serviceaccount:ingress:nginx" cannot list resource "endpoints" in API group "" at the cluster scope
E1002 20:06:48.919430       6 reflector.go:205] k8s.io/ingress-nginx/internal/ingress/controller/listers.go:47: Failed to list *v1.Service: services is forbidden: User "system:serviceaccount:ingress:nginx" cannot list resource "services" in API group "" at the cluster scope
E1002 20:06:48.919462       6 reflector.go:205] k8s.io/ingress-nginx/internal/ingress/controller/listers.go:49: Failed to list *v1.ConfigMap: configmaps is forbidden: User "system:serviceaccount:ingress:nginx" cannot list resource "configmaps" in API group "" at the cluster scope
E1002 20:06:49.925897       6 reflector.go:205] k8s.io/ingress-nginx/internal/ingress/controller/listers.go:49: Failed to list *v1.ConfigMap: configmaps is forbidden: User "system:serviceaccount:ingress:nginx" cannot list resource "configmaps" in API group "" at the cluster scope
E1002 20:06:49.925901       6 reflector.go:205] k8s.io/ingress-nginx/internal/ingress/controller/listers.go:45: Failed to list *v1beta1.Ingress: ingresses.extensions is forbidden: User "system:serviceaccount:ingress:nginx" cannot list resource "ingresses" in API group "extensions" at the cluster scope
E1002 20:06:49.926130       6 reflector.go:205] k8s.io/ingress-nginx/internal/ingress/controller/listers.go:46: Failed to list *v1.Endpoints: endpoints is forbidden: User "system:serviceaccount:ingress:nginx" cannot list resource "endpoints" in API group "" at the cluster scope
E1002 20:06:49.926219       6 reflector.go:205] k8s.io/ingress-nginx/internal/ingress/controller/listers.go:48: Failed to list *v1.Secret: secrets is forbidden: User "system:serviceaccount:ingress:nginx" cannot list resource "secrets" in API group "" at the cluster scope
E1002 20:06:49.926312       6 reflector.go:205] k8s.io/ingress-nginx/internal/ingress/controller/listers.go:47: Failed to list *v1.Service: services is forbidden: User "system:serviceaccount:ingress:nginx" cannot list resource "services" in API group "" at the cluster scope
E1002 20:06:50.930944       6 reflector.go:205] k8s.io/ingress-nginx/internal/ingress/controller/listers.go:46: Failed to list *v1.Endpoints: endpoints is forbidden: User "system:serviceaccount:ingress:nginx" cannot list resource "endpoints" in API group "" at the cluster scope
E1002 20:06:50.931391       6 reflector.go:205] k8s.io/ingress-nginx/internal/ingress/controller/listers.go:45: Failed to list *v1beta1.Ingress: ingresses.extensions is forbidden: User "system:serviceaccount:ingress:nginx" cannot list resource "ingresses" in API group "extensions" at the cluster scope
E1002 20:06:50.931429       6 reflector.go:205] k8s.io/ingress-nginx/internal/ingress/controller/listers.go:49: Failed to list *v1.ConfigMap: configmaps is forbidden: User "system:serviceaccount:ingress:nginx" cannot list resource "configmaps" in API group "" at the cluster scope
E1002 20:06:50.932315       6 reflector.go:205] k8s.io/ingress-nginx/internal/ingress/controller/listers.go:48: Failed to list *v1.Secret: secrets is forbidden: User "system:serviceaccount:ingress:nginx" cannot list resource "secrets" in API group "" at the cluster scope
E1002 20:06:50.933726       6 reflector.go:205] k8s.io/ingress-nginx/internal/ingress/controller/listers.go:47: Failed to list *v1.Service: services is forbidden: User "system:serviceaccount:ingress:nginx" cannot list resource "services" in API group "" at the cluster scope
E1002 20:06:51.938425       6 reflector.go:205] k8s.io/ingress-nginx/internal/ingress/controller/listers.go:46: Failed to list *v1.Endpoints: endpoints is forbidden: User "system:serviceaccount:ingress:nginx" cannot list resource "endpoints" in API group "" at the cluster scope
E1002 20:06:51.938463       6 reflector.go:205] k8s.io/ingress-nginx/internal/ingress/controller/listers.go:47: Failed to list *v1.Service: services is forbidden: User "system:serviceaccount:ingress:nginx" cannot list resource "services" in API group "" at the cluster scope
E1002 20:06:51.938489       6 reflector.go:205] k8s.io/ingress-nginx/internal/ingress/controller/listers.go:45: Failed to list *v1beta1.Ingress: ingresses.extensions is forbidden: User "system:serviceaccount:ingress:nginx" cannot list resource "ingresses" in API group "extensions" at the cluster scope
E1002 20:06:51.938975       6 reflector.go:205] k8s.io/ingress-nginx/internal/ingress/controller/listers.go:49: Failed to list *v1.ConfigMap: configmaps is forbidden: User "system:serviceaccount:ingress:nginx" cannot list resource "configmaps" in API group "" at the cluster scope
E1002 20:06:51.939037       6 reflector.go:205] k8s.io/ingress-nginx/internal/ingress/controller/listers.go:48: Failed to list *v1.Secret: secrets is forbidden: User "system:serviceaccount:ingress:nginx" cannot list resource "secrets" in API group "" at the cluster scope
E1002 20:06:52.946151       6 reflector.go:205] k8s.io/ingress-nginx/internal/ingress/controller/listers.go:48: Failed to list *v1.Secret: secrets is forbidden: User "system:serviceaccount:ingress:nginx" cannot list resource "secrets" in API group "" at the cluster scope
E1002 20:06:52.946151       6 reflector.go:205] k8s.io/ingress-nginx/internal/ingress/controller/listers.go:46: Failed to list *v1.Endpoints: endpoints is forbidden: User "system:serviceaccount:ingress:nginx" cannot list resource "endpoints" in API group "" at the cluster scope
E1002 20:06:52.946186       6 reflector.go:205] k8s.io/ingress-nginx/internal/ingress/controller/listers.go:47: Failed to list *v1.Service: services is forbidden: User "system:serviceaccount:ingress:nginx" cannot list resource "services" in API group "" at the cluster scope
E1002 20:06:52.946218       6 reflector.go:205] k8s.io/ingress-nginx/internal/ingress/controller/listers.go:45: Failed to list *v1beta1.Ingress: ingresses.extensions is forbidden: User "system:serviceaccount:ingress:nginx" cannot list resource "ingresses" in API group "extensions" at the cluster scope
E1002 20:06:52.946257       6 reflector.go:205] k8s.io/ingress-nginx/internal/ingress/controller/listers.go:49: Failed to list *v1.ConfigMap: configmaps is forbidden: User "system:serviceaccount:ingress:nginx" cannot list resource "configmaps" in API group "" at the cluster scope
E1002 20:06:53.955119       6 reflector.go:205] k8s.io/ingress-nginx/internal/ingress/controller/listers.go:48: Failed to list *v1.Secret: secrets is forbidden: User "system:serviceaccount:ingress:nginx" cannot list resource "secrets" in API group "" at the cluster scope
E1002 20:06:53.955712       6 reflector.go:205] k8s.io/ingress-nginx/internal/ingress/controller/listers.go:46: Failed to list *v1.Endpoints: endpoints is forbidden: User "system:serviceaccount:ingress:nginx" cannot list resource "endpoints" in API group "" at the cluster scope
E1002 20:06:53.955872       6 reflector.go:205] k8s.io/ingress-nginx/internal/ingress/controller/listers.go:47: Failed to list *v1.Service: services is forbidden: User "system:serviceaccount:ingress:nginx" cannot list resource "services" in API group "" at the cluster scope
E1002 20:06:53.956439       6 reflector.go:205] k8s.io/ingress-nginx/internal/ingress/controller/listers.go:49: Failed to list *v1.ConfigMap: configmaps is forbidden: User "system:serviceaccount:ingress:nginx" cannot list resource "configmaps" in API group "" at the cluster scope
E1002 20:06:53.957762       6 reflector.go:205] k8s.io/ingress-nginx/internal/ingress/controller/listers.go:45: Failed to list *v1beta1.Ingress: ingresses.extensions is forbidden: User "system:serviceaccount:ingress:nginx" cannot list resource "ingresses" in API group "extensions" at the cluster scope
E1002 20:06:54.961221       6 reflector.go:205] k8s.io/ingress-nginx/internal/ingress/controller/listers.go:46: Failed to list *v1.Endpoints: endpoints is forbidden: User "system:serviceaccount:ingress:nginx" cannot list resource "endpoints" in API group "" at the cluster scope
E1002 20:06:54.961250       6 reflector.go:205] k8s.io/ingress-nginx/internal/ingress/controller/listers.go:47: Failed to list *v1.Service: services is forbidden: User "system:serviceaccount:ingress:nginx" cannot list resource "services" in API group "" at the cluster scope
E1002 20:06:54.961291       6 reflector.go:205] k8s.io/ingress-nginx/internal/ingress/controller/listers.go:48: Failed to list *v1.Secret: secrets is forbidden: User "system:serviceaccount:ingress:nginx" cannot list resource "secrets" in API group "" at the cluster scope
E1002 20:06:54.961315       6 reflector.go:205] k8s.io/ingress-nginx/internal/ingress/controller/listers.go:49: Failed to list *v1.ConfigMap: configmaps is forbidden: User "system:serviceaccount:ingress:nginx" cannot list resource "configmaps" in API group "" at the cluster scope
E1002 20:06:54.962170       6 reflector.go:205] k8s.io/ingress-nginx/internal/ingress/controller/listers.go:45: Failed to list *v1beta1.Ingress: ingresses.extensions is forbidden: User "system:serviceaccount:ingress:nginx" cannot list resource "ingresses" in API group "extensions" at the cluster scope
E1002 20:06:55.966411       6 reflector.go:205] k8s.io/ingress-nginx/internal/ingress/controller/listers.go:46: Failed to list *v1.Endpoints: endpoints is forbidden: User "system:serviceaccount:ingress:nginx" cannot list resource "endpoints" in API group "" at the cluster scope
E1002 20:06:55.966689       6 reflector.go:205] k8s.io/ingress-nginx/internal/ingress/controller/listers.go:47: Failed to list *v1.Service: services is forbidden: User "system:serviceaccount:ingress:nginx" cannot list resource "services" in API group "" at the cluster scope
E1002 20:06:55.966757       6 reflector.go:205] k8s.io/ingress-nginx/internal/ingress/controller/listers.go:48: Failed to list *v1.Secret: secrets is forbidden: User "system:serviceaccount:ingress:nginx" cannot list resource "secrets" in API group "" at the cluster scope
E1002 20:06:55.968578       6 reflector.go:205] k8s.io/ingress-nginx/internal/ingress/controller/listers.go:49: Failed to list *v1.ConfigMap: configmaps is forbidden: User "system:serviceaccount:ingress:nginx" cannot list resource "configmaps" in API group "" at the cluster scope
E1002 20:06:55.969579       6 reflector.go:205] k8s.io/ingress-nginx/internal/ingress/controller/listers.go:45: Failed to list *v1beta1.Ingress: ingresses.extensions is forbidden: User "system:serviceaccount:ingress:nginx" cannot list resource "ingresses" in API group "extensions" at the cluster scope
E1002 20:06:56.972551       6 reflector.go:205] k8s.io/ingress-nginx/internal/ingress/controller/listers.go:47: Failed to list *v1.Service: services is forbidden: User "system:serviceaccount:ingress:nginx" cannot list resource "services" in API group "" at the cluster scope
E1002 20:06:56.973231       6 reflector.go:205] k8s.io/ingress-nginx/internal/ingress/controller/listers.go:45: Failed to list *v1beta1.Ingress: ingresses.extensions is forbidden: User "system:serviceaccount:ingress:nginx" cannot list resource "ingresses" in API group "extensions" at the cluster scope
E1002 20:06:56.973255       6 reflector.go:205] k8s.io/ingress-nginx/internal/ingress/controller/listers.go:46: Failed to list *v1.Endpoints: endpoints is forbidden: User "system:serviceaccount:ingress:nginx" cannot list resource "endpoints" in API group "" at the cluster scope
E1002 20:06:56.973278       6 reflector.go:205] k8s.io/ingress-nginx/internal/ingress/controller/listers.go:49: Failed to list *v1.ConfigMap: configmaps is forbidden: User "system:serviceaccount:ingress:nginx" cannot list resource "configmaps" in API group "" at the cluster scope
E1002 20:06:56.973330       6 reflector.go:205] k8s.io/ingress-nginx/internal/ingress/controller/listers.go:48: Failed to list *v1.Secret: secrets is forbidden: User "system:serviceaccount:ingress:nginx" cannot list resource "secrets" in API group "" at the cluster scope
E1002 20:06:57.982386       6 reflector.go:205] k8s.io/ingress-nginx/internal/ingress/controller/listers.go:48: Failed to list *v1.Secret: secrets is forbidden: User "system:serviceaccount:ingress:nginx" cannot list resource "secrets" in API group "" at the cluster scope
E1002 20:06:57.982386       6 reflector.go:205] k8s.io/ingress-nginx/internal/ingress/controller/listers.go:45: Failed to list *v1beta1.Ingress: ingresses.extensions is forbidden: User "system:serviceaccount:ingress:nginx" cannot list resource "ingresses" in API group "extensions" at the cluster scope
E1002 20:06:57.982417       6 reflector.go:205] k8s.io/ingress-nginx/internal/ingress/controller/listers.go:47: Failed to list *v1.Service: services is forbidden: User "system:serviceaccount:ingress:nginx" cannot list resource "services" in API group "" at the cluster scope
E1002 20:06:57.982445       6 reflector.go:205] k8s.io/ingress-nginx/internal/ingress/controller/listers.go:46: Failed to list *v1.Endpoints: endpoints is forbidden: User "system:serviceaccount:ingress:nginx" cannot list resource "endpoints" in API group "" at the cluster scope
E1002 20:06:57.982473       6 reflector.go:205] k8s.io/ingress-nginx/internal/ingress/controller/listers.go:49: Failed to list *v1.ConfigMap: configmaps is forbidden: User "system:serviceaccount:ingress:nginx" cannot list resource "configmaps" in API group "" at the cluster scope
E1002 20:06:58.991278       6 reflector.go:205] k8s.io/ingress-nginx/internal/ingress/controller/listers.go:45: Failed to list *v1beta1.Ingress: ingresses.extensions is forbidden: User "system:serviceaccount:ingress:nginx" cannot list resource "ingresses" in API group "extensions" at the cluster scope
E1002 20:06:58.991291       6 reflector.go:205] k8s.io/ingress-nginx/internal/ingress/controller/listers.go:46: Failed to list *v1.Endpoints: endpoints is forbidden: User "system:serviceaccount:ingress:nginx" cannot list resource "endpoints" in API group "" at the cluster scope
E1002 20:06:58.991467       6 reflector.go:205] k8s.io/ingress-nginx/internal/ingress/controller/listers.go:48: Failed to list *v1.Secret: secrets is forbidden: User "system:serviceaccount:ingress:nginx" cannot list resource "secrets" in API group "" at the cluster scope
E1002 20:06:58.996981       6 reflector.go:205] k8s.io/ingress-nginx/internal/ingress/controller/listers.go:47: Failed to list *v1.Service: services is forbidden: User "system:serviceaccount:ingress:nginx" cannot list resource "services" in API group "" at the cluster scope
E1002 20:06:58.996986       6 reflector.go:205] k8s.io/ingress-nginx/internal/ingress/controller/listers.go:49: Failed to list *v1.ConfigMap: configmaps is forbidden: User "system:serviceaccount:ingress:nginx" cannot list resource "configmaps" in API group "" at the cluster scope
E1002 20:06:59.999001       6 reflector.go:205] k8s.io/ingress-nginx/internal/ingress/controller/listers.go:45: Failed to list *v1beta1.Ingress: ingresses.extensions is forbidden: User "system:serviceaccount:ingress:nginx" cannot list resource "ingresses" in API group "extensions" at the cluster scope
E1002 20:06:59.999015       6 reflector.go:205] k8s.io/ingress-nginx/internal/ingress/controller/listers.go:48: Failed to list *v1.Secret: secrets is forbidden: User "system:serviceaccount:ingress:nginx" cannot list resource "secrets" in API group "" at the cluster scope
E1002 20:06:59.999077       6 reflector.go:205] k8s.io/ingress-nginx/internal/ingress/controller/listers.go:46: Failed to list *v1.Endpoints: endpoints is forbidden: User "system:serviceaccount:ingress:nginx" cannot list resource "endpoints" in API group "" at the cluster scope
E1002 20:06:59.999899       6 reflector.go:205] k8s.io/ingress-nginx/internal/ingress/controller/listers.go:47: Failed to list *v1.Service: services is forbidden: User "system:serviceaccount:ingress:nginx" cannot list resource "services" in API group "" at the cluster scope
E1002 20:07:00.000341       6 reflector.go:205] k8s.io/ingress-nginx/internal/ingress/controller/listers.go:49: Failed to list *v1.ConfigMap: configmaps is forbidden: User "system:serviceaccount:ingress:nginx" cannot list resource "configmaps" in API group "" at the cluster scope
E1002 20:07:01.005560       6 reflector.go:205] k8s.io/ingress-nginx/internal/ingress/controller/listers.go:48: Failed to list *v1.Secret: secrets is forbidden: User "system:serviceaccount:ingress:nginx" cannot list resource "secrets" in API group "" at the cluster scope
E1002 20:07:01.005565       6 reflector.go:205] k8s.io/ingress-nginx/internal/ingress/controller/listers.go:46: Failed to list *v1.Endpoints: endpoints is forbidden: User "system:serviceaccount:ingress:nginx" cannot list resource "endpoints" in API group "" at the cluster scope
E1002 20:07:01.005598       6 reflector.go:205] k8s.io/ingress-nginx/internal/ingress/controller/listers.go:45: Failed to list *v1beta1.Ingress: ingresses.extensions is forbidden: User "system:serviceaccount:ingress:nginx" cannot list resource "ingresses" in API group "extensions" at the cluster scope
E1002 20:07:01.005627       6 reflector.go:205] k8s.io/ingress-nginx/internal/ingress/controller/listers.go:47: Failed to list *v1.Service: services is forbidden: User "system:serviceaccount:ingress:nginx" cannot list resource "services" in API group "" at the cluster scope
E1002 20:07:01.006171       6 reflector.go:205] k8s.io/ingress-nginx/internal/ingress/controller/listers.go:49: Failed to list *v1.ConfigMap: configmaps is forbidden: User "system:serviceaccount:ingress:nginx" cannot list resource "configmaps" in API group "" at the cluster scope
I1002 20:07:01.587569       6 main.go:153] Received SIGTERM, shutting down
I1002 20:07:01.587752       6 nginx.go:333] shutting down controller queues
I1002 20:07:01.587765       6 nginx.go:341] stopping NGINX process...
I1002 20:07:01.587918       6 shared_informer.go:112] stop requested
E1002 20:07:01.587930       6 listers.go:59] Timed out waiting for caches to sync
I1002 20:07:01.587938       6 nginx.go:255] running initial sync of secrets
I1002 20:07:01.587949       6 nginx.go:288] starting NGINX process...
I1002 20:07:01.588009       6 leaderelection.go:174] attempting to acquire leader lease...
E1002 20:07:01.588937       6 queue.go:65] queue has been shutdown, failed to enqueue: &Ingress{ObjectMeta:k8s_io_apimachinery_pkg_apis_meta_v1.ObjectMeta{Name:,GenerateName:,Namespace:,SelfLink:,UID:,ResourceVersion:,Generation:0,CreationTimestamp:0001-01-01 00:00:00 +0000 UTC,DeletionTimestamp:<nil>,DeletionGracePeriodSeconds:nil,Labels:map[string]string{},Annotations:map[string]string{},OwnerReferences:[],Finalizers:[],ClusterName:,Initializers:nil,},Spec:IngressSpec{Backend:nil,TLS:[],Rules:[],},Status:IngressStatus{LoadBalancer:k8s_io_api_core_v1.LoadBalancerStatus{Ingress:[],},},}
2021/10/02 20:07:01 [notice] 17#17: signal process started
2021/10/02 20:07:01 [error] 17#17: open() "/run/nginx.pid" failed (2: No such file or directory)
nginx: [error] open() "/run/nginx.pid" failed (2: No such file or directory)
I1002 20:07:01.594573       6 main.go:157] Error during shutdown exit status 1
I1002 20:07:01.594595       6 main.go:161] Handled quit, awaiting pod deletion
E1002 20:07:01.607773       6 leaderelection.go:228] error initially creating leader election record: configmaps is forbidden: User "system:serviceaccount:ingress:nginx" cannot create resource "configmaps" in API group "" in the namespace "ingress"
I1002 20:07:11.594719       6 main.go:164] Exiting with 1
